10

dir
53
https://gamecc.googlecode.com/svn/trunk/editor/plugins/wrap-position
https://gamecc.googlecode.com/svn



2009-10-11T02:28:39.557344Z
30
jabapyth














33d24a88-7095-11de-83c4-53937bf5378e

wrap-position.py
file




2009-10-14T01:49:22.000000Z
db72716a8859e51e9dd29e2edbb86ec7
2009-10-11T02:28:39.557344Z
30
jabapyth





















194

wrap-position.info
file




2009-10-14T01:49:22.000000Z
5a45ea77c165ce5f5a973238044bb277
2009-10-11T02:28:39.557344Z
30
jabapyth





















268

